2018-03-02 15:54:16.000000 WARNING FAT 'Valor do conteúdo = 0'2018-03-02 15:54:18.000000 ERROR PROC 'Procedure SP_SyncCHeckoutProds retornou erro: conteudo inexistente2018-03-02 15:54:20.000000 WARNING FAT 'Valor do conteúdo = 0'2018-03-02 15:54:22.000000 INFO CNT 'Conteúdo 11234 entregue com sucesso'2018-03-02 15:55:09.000000 INFO PROC 'Execução iniciada da procedure SP_SyncCHeckoutProds'
2018-03-02 15:55:11.000000 WARNING FAT 'Valor do conteúdo = 0'
2018-03-02 15:55:13.000000 INFO PROC 'Execução iniciada da procedure SP_SyncCHeckoutProds'
2018-03-02 15:55:15.000000 INFO CNT 'Conteúdo 11234 entregue com sucesso'
2018-03-02 15:55:17.000000 INFO CNT 'Conteúdo 6525 com sucesso'
2018-03-02 15:55:19.000000 INFO CNT 'Conteúdo 11234 entregue com sucesso'
2018-03-02 15:55:21.000000 ALERT FAT 'Tempo de carregamento Checkout Sun superior a 2s. Total: 5.66s
2018-03-02 15:55:23.000000 ERROR PROC 'Procedure SP_SyncCHeckoutProds retornou erro: conteudo inexistente
2018-03-02 15:55:25.000000 WARNING FAT 'Valor do conteúdo = 0'
2018-03-02 15:55:27.000000 INFO CNT 'Conteúdo 6525 com sucesso'
2018-03-02 15:55:29.000000 INFO PROC 'Execução iniciada da procedure SP_SyncCHeckoutProds'
2018-03-02 15:55:31.000000 WARNING FAT 'Valor do conteúdo = 0'
2018-03-02 15:55:33.000000 ALERT FAT 'Tempo de carregamento Checkout Sun superior a 2s. Total: 5.66s
2018-03-02 15:55:35.000000 ERROR PROC 'Procedure SP_SyncCHeckoutProds retornou erro: conteudo inexistente
2018-03-02 15:55:37.000000 INFO PROC 'Execução iniciada da procedure SP_SyncCHeckoutProds'
2018-03-02 15:55:39.000000 INFO FAT 'Fatura 1234 alterada. Dt Venc: 12/03/2018 para 15/03/2018'
2018-03-02 15:55:41.000000 INFO CNT 'Conteúdo 11234 entregue com sucesso'
2018-03-02 15:55:43.000000 WARNING FAT 'Valor do conteúdo = 0'
2018-03-02 15:55:45.000000 INFO CNT 'Conteúdo 11234 entregue com sucesso'
2018-03-02 15:55:47.000000 INFO PROC 'Execução iniciada da procedure SP_SyncCHeckoutProds'
2018-03-02 15:56:19.000000 ALERT FAT 'Tempo de carregamento Checkout Sun superior a 2s. Total: 5.66s
2018-03-02 15:56:21.000000 INFO CNT 'Conteúdo 11234 entregue com sucesso'
2018-03-02 15:56:23.000000 WARNING FAT 'Valor do conteúdo = 0'
2018-03-02 15:56:25.000000 ALERT FAT 'Tempo de carregamento Checkout Sun superior a 2s. Total: 5.66s
2018-03-02 15:56:27.000000 ALERT FAT 'Tempo de carregamento Checkout Sun superior a 2s. Total: 5.66s
2018-03-02 15:56:29.000000 INFO CNT 'Conteúdo 6525 com sucesso'
2018-03-02 15:56:31.000000 ALERT FAT 'Tempo de carregamento Checkout Sun superior a 2s. Total: 5.66s
2018-03-02 15:56:33.000000 WARNING FAT 'Valor do conteúdo = 0'
2018-03-02 15:56:35.000000 INFO FAT 'Fatura 1234 alterada. Dt Venc: 12/03/2018 para 15/03/2018'
2018-03-02 15:56:37.000000 INFO CNT 'Conteúdo 11234 entregue com sucesso'
2018-03-02 15:56:39.000000 INFO CNT 'Conteúdo 6525 com sucesso'
2018-03-02 15:56:41.000000 INFO CNT 'Conteúdo 6525 com sucesso'
2018-03-02 15:56:43.000000 INFO CNT 'Conteúdo 11234 entregue com sucesso'
2018-03-02 15:56:45.000000 INFO CNT 'Conteúdo 11234 entregue com sucesso'
2018-03-02 15:56:47.000000 ERROR FAT 'Erro no processamento da fatura 443245'
2018-03-02 15:56:49.000000 INFO FAT 'Fatura 1234 alterada. Dt Venc: 12/03/2018 para 15/03/2018'
2018-03-02 15:56:51.000000 INFO PROC 'Execução iniciada da procedure SP_SyncCHeckoutProds'
2018-03-02 15:56:53.000000 INFO CNT 'Conteúdo 11234 entregue com sucesso'
2018-03-02 15:56:55.000000 INFO CNT 'Conteúdo 6525 com sucesso'
2018-03-02 15:56:57.000000 INFO PROC 'Execução iniciada da procedure SP_SyncCHeckoutProds'
2018-03-02 15:56:59.000000 WARNING FAT 'Valor do conteúdo = 0'
2018-03-02 15:57:01.000000 INFO CNT 'Conteúdo 11234 entregue com sucesso'
2018-03-02 15:57:03.000000 ALERT FAT 'Tempo de carregamento Checkout Sun superior a 2s. Total: 5.66s
2018-03-02 15:57:05.000000 ALERT FAT 'Tempo de carregamento Checkout Sun superior a 2s. Total: 5.66s
2018-03-02 15:57:07.000000 INFO PROC 'Execução iniciada da procedure SP_SyncCHeckoutProds'
2018-03-02 15:57:09.000000 INFO CNT 'Conteúdo 6525 com sucesso'
2018-03-02 15:57:11.000000 ERROR PROC 'Procedure SP_SyncCHeckoutProds retornou erro: conteudo inexistente
2018-03-02 15:57:13.000000 ALERT FAT 'Tempo de carregamento Checkout Sun superior a 2s. Total: 5.66s
2018-03-02 15:57:15.000000 INFO CNT 'Conteúdo 6525 com sucesso'
2018-03-02 15:57:17.000000 ERROR FAT 'Erro no processamento da fatura 443245'
2018-03-02 15:57:19.000000 INFO CNT 'Conteúdo 6525 com sucesso'
2018-03-02 15:57:21.000000 INFO CNT 'Conteúdo 11234 entregue com sucesso'
2018-03-02 15:57:23.000000 ERROR FAT 'Erro no processamento da fatura 443245'
2018-03-02 15:57:25.000000 INFO CNT 'Conteúdo 6525 com sucesso'
2018-03-02 15:57:27.000000 INFO PROC 'Execução iniciada da procedure SP_SyncCHeckoutProds'
2018-03-02 15:57:29.000000 INFO CNT 'Conteúdo 11234 entregue com sucesso'
2018-03-02 15:57:31.000000 ALERT FAT 'Tempo de carregamento Checkout Sun superior a 2s. Total: 5.66s
2018-03-02 15:57:33.000000 ERROR FAT 'Erro no processamento da fatura 443245'
2018-03-02 15:57:35.000000 ERROR FAT 'Erro no processamento da fatura 443245'
2018-03-02 15:57:37.000000 ERROR FAT 'Erro no processamento da fatura 443245'
2018-03-02 15:57:39.000000 ERROR PROC 'Procedure SP_SyncCHeckoutProds retornou erro: conteudo inexistente
2018-03-02 15:57:41.000000 INFO PROC 'Execução iniciada da procedure SP_SyncCHeckoutProds'
2018-03-02 15:57:43.000000 ERROR FAT 'Erro no processamento da fatura 443245'
2018-03-02 15:57:45.000000 ERROR PROC 'Procedure SP_SyncCHeckoutProds retornou erro: conteudo inexistente
2018-03-02 15:57:47.000000 INFO CNT 'Conteúdo 6525 com sucesso'
2018-03-02 15:57:49.000000 INFO CNT 'Conteúdo 6525 com sucesso'
2018-03-02 15:57:51.000000 INFO CNT 'Conteúdo 6525 com sucesso'
2018-03-02 15:57:53.000000 WARNING FAT 'Valor do conteúdo = 0'
2018-03-02 15:57:55.000000 INFO CNT 'Conteúdo 11234 entregue com sucesso'
2018-03-02 15:57:57.000000 INFO CNT 'Conteúdo 6525 com sucesso'
2018-03-02 15:57:59.000000 INFO FAT 'Fatura 1234 alterada. Dt Venc: 12/03/2018 para 15/03/2018'
2018-03-02 15:58:01.000000 INFO CNT 'Conteúdo 6525 com sucesso'
2018-03-02 15:58:03.000000 INFO CNT 'Conteúdo 11234 entregue com sucesso'
2018-03-02 15:58:05.000000 ERROR FAT 'Erro no processamento da fatura 443245'
2018-03-02 15:58:07.000000 INFO CNT 'Conteúdo 6525 com sucesso'
2018-03-02 15:58:09.000000 ALERT FAT 'Tempo de carregamento Checkout Sun superior a 2s. Total: 5.66s
2018-03-02 15:58:11.000000 INFO PROC 'Execução iniciada da procedure SP_SyncCHeckoutProds'
2018-03-02 15:58:13.000000 INFO PROC 'Execução iniciada da procedure SP_SyncCHeckoutProds'
2018-03-02 15:58:15.000000 INFO CNT 'Conteúdo 6525 com sucesso'
2018-03-02 15:58:17.000000 INFO CNT 'Conteúdo 6525 com sucesso'
2018-03-02 15:58:19.000000 ALERT FAT 'Tempo de carregamento Checkout Sun superior a 2s. Total: 5.66s
2018-03-02 15:58:21.000000 ERROR FAT 'Erro no processamento da fatura 443245'
2018-03-02 15:58:23.000000 WARNING FAT 'Valor do conteúdo = 0'
2018-03-02 15:58:25.000000 INFO CNT 'Conteúdo 6525 com sucesso'
2018-03-02 15:58:27.000000 WARNING FAT 'Valor do conteúdo = 0'
2018-03-02 15:58:29.000000 ERROR FAT 'Erro no processamento da fatura 443245'
2018-03-02 15:58:31.000000 ALERT FAT 'Tempo de carregamento Checkout Sun superior a 2s. Total: 5.66s
2018-03-02 15:58:33.000000 ERROR PROC 'Procedure SP_SyncCHeckoutProds retornou erro: conteudo inexistente
2018-03-02 15:58:35.000000 INFO FAT 'Fatura 1234 alterada. Dt Venc: 12/03/2018 para 15/03/2018'
2018-03-02 15:58:37.000000 INFO PROC 'Execução iniciada da procedure SP_SyncCHeckoutProds'
2018-03-02 15:58:39.000000 ERROR FAT 'Erro no processamento da fatura 443245'
2018-03-02 15:58:41.000000 ERROR PROC 'Procedure SP_SyncCHeckoutProds retornou erro: conteudo inexistente
2018-03-02 15:58:43.000000 ERROR PROC 'Procedure SP_SyncCHeckoutProds retornou erro: conteudo inexistente
2018-03-02 15:58:45.000000 INFO CNT 'Conteúdo 11234 entregue com sucesso'
2018-03-02 15:58:47.000000 ALERT FAT 'Tempo de carregamento Checkout Sun superior a 2s. Total: 5.66s
2018-03-02 15:58:49.000000 ERROR PROC 'Procedure SP_SyncCHeckoutProds retornou erro: conteudo inexistente
2018-03-02 15:58:51.000000 ERROR PROC 'Procedure SP_SyncCHeckoutProds retornou erro: conteudo inexistente
2018-03-02 15:58:53.000000 INFO PROC 'Execução iniciada da procedure SP_SyncCHeckoutProds'
2018-03-02 15:58:55.000000 INFO CNT 'Conteúdo 6525 com sucesso'
2018-03-02 15:58:57.000000 INFO CNT 'Conteúdo 11234 entregue com sucesso'
2018-03-02 15:58:59.000000 INFO FAT 'Fatura 1234 alterada. Dt Venc: 12/03/2018 para 15/03/2018'
2018-03-02 15:59:01.000000 WARNING FAT 'Valor do conteúdo = 0'
2018-03-02 15:59:03.000000 INFO PROC 'Execução iniciada da procedure SP_SyncCHeckoutProds'
2018-03-02 15:59:05.000000 INFO CNT 'Conteúdo 6525 com sucesso'
2018-03-02 15:59:07.000000 INFO PROC 'Execução iniciada da procedure SP_SyncCHeckoutProds'
2018-03-02 15:59:09.000000 ERROR FAT 'Erro no processamento da fatura 443245'
2018-03-02 15:59:11.000000 ALERT FAT 'Tempo de carregamento Checkout Sun superior a 2s. Total: 5.66s
2018-03-02 15:59:13.000000 ERROR FAT 'Erro no processamento da fatura 443245'
2018-03-02 15:59:15.000000 WARNING FAT 'Valor do conteúdo = 0'
2018-03-02 15:59:17.000000 ERROR PROC 'Procedure SP_SyncCHeckoutProds retornou erro: conteudo inexistente
2018-03-02 15:59:19.000000 INFO FAT 'Fatura 1234 alterada. Dt Venc: 12/03/2018 para 15/03/2018'
2018-03-02 15:59:21.000000 INFO FAT 'Fatura 1234 alterada. Dt Venc: 12/03/2018 para 15/03/2018'
2018-03-02 15:59:23.000000 ALERT FAT 'Tempo de carregamento Checkout Sun superior a 2s. Total: 5.66s
2018-03-02 15:59:25.000000 ERROR FAT 'Erro no processamento da fatura 443245'
2018-03-02 15:59:27.000000 WARNING FAT 'Valor do conteúdo = 0'
2018-03-02 15:59:29.000000 ERROR FAT 'Erro no processamento da fatura 443245'
2018-03-02 15:59:31.000000 ALERT FAT 'Tempo de carregamento Checkout Sun superior a 2s. Total: 5.66s
2018-03-02 15:59:33.000000 INFO FAT 'Fatura 1234 alterada. Dt Venc: 12/03/2018 para 15/03/2018'
2018-03-02 15:59:35.000000 INFO CNT 'Conteúdo 11234 entregue com sucesso'
2018-03-02 15:59:37.000000 ERROR PROC 'Procedure SP_SyncCHeckoutProds retornou erro: conteudo inexistente
2018-03-02 15:59:39.000000 WARNING FAT 'Valor do conteúdo = 0'
2018-03-02 15:59:41.000000 WARNING FAT 'Valor do conteúdo = 0'
2018-03-02 15:59:43.000000 ERROR FAT 'Erro no processamento da fatura 443245'
2018-03-02 15:59:45.000000 INFO FAT 'Fatura 1234 alterada. Dt Venc: 12/03/2018 para 15/03/2018'
2018-03-02 15:59:47.000000 INFO CNT 'Conteúdo 6525 com sucesso'
2018-03-02 15:59:49.000000 INFO PROC 'Execução iniciada da procedure SP_SyncCHeckoutProds'
2018-03-02 15:59:51.000000 INFO PROC 'Execução iniciada da procedure SP_SyncCHeckoutProds'
2018-03-02 15:59:53.000000 WARNING FAT 'Valor do conteúdo = 0'
2018-03-02 15:59:55.000000 INFO FAT 'Fatura 1234 alterada. Dt Venc: 12/03/2018 para 15/03/2018'
2018-03-02 15:59:57.000000 ALERT FAT 'Tempo de carregamento Checkout Sun superior a 2s. Total: 5.66s
2018-03-02 15:59:59.000000 INFO CNT 'Conteúdo 11234 entregue com sucesso'
2018-03-02 16:00:01.000000 INFO CNT 'Conteúdo 11234 entregue com sucesso'
2018-03-02 16:00:03.000000 ERROR PROC 'Procedure SP_SyncCHeckoutProds retornou erro: conteudo inexistente
2018-03-02 16:00:05.000000 INFO FAT 'Fatura 1234 alterada. Dt Venc: 12/03/2018 para 15/03/2018'
2018-03-02 16:00:07.000000 INFO CNT 'Conteúdo 6525 com sucesso'
2018-03-02 16:00:09.000000 INFO PROC 'Execução iniciada da procedure SP_SyncCHeckoutProds'
2018-03-02 16:00:11.000000 ERROR PROC 'Procedure SP_SyncCHeckoutProds retornou erro: conteudo inexistente
2018-03-02 16:00:13.000000 INFO PROC 'Execução iniciada da procedure SP_SyncCHeckoutProds'
2018-03-02 16:00:15.000000 INFO FAT 'Fatura 1234 alterada. Dt Venc: 12/03/2018 para 15/03/2018'
2018-03-02 16:00:17.000000 ALERT FAT 'Tempo de carregamento Checkout Sun superior a 2s. Total: 5.66s
2018-03-02 16:00:19.000000 INFO CNT 'Conteúdo 11234 entregue com sucesso'
2018-03-02 16:00:21.000000 ERROR FAT 'Erro no processamento da fatura 443245'
2018-03-02 16:00:23.000000 ERROR FAT 'Erro no processamento da fatura 443245'
2018-03-02 16:00:25.000000 INFO FAT 'Fatura 1234 alterada. Dt Venc: 12/03/2018 para 15/03/2018'
2018-03-02 16:00:27.000000 INFO CNT 'Conteúdo 11234 entregue com sucesso'
2018-03-02 16:00:29.000000 INFO FAT 'Fatura 1234 alterada. Dt Venc: 12/03/2018 para 15/03/2018'
2018-03-02 16:00:31.000000 INFO PROC 'Execução iniciada da procedure SP_SyncCHeckoutProds'
2018-03-02 16:00:33.000000 ERROR FAT 'Erro no processamento da fatura 443245'
2018-03-02 16:00:35.000000 INFO PROC 'Execução iniciada da procedure SP_SyncCHeckoutProds'
2018-03-02 16:00:37.000000 WARNING FAT 'Valor do conteúdo = 0'
2018-03-02 16:00:39.000000 ERROR PROC 'Procedure SP_SyncCHeckoutProds retornou erro: conteudo inexistente
2018-03-02 16:00:41.000000 INFO FAT 'Fatura 1234 alterada. Dt Venc: 12/03/2018 para 15/03/2018'
2018-03-02 16:00:43.000000 INFO CNT 'Conteúdo 6525 com sucesso'
2018-03-02 16:00:45.000000 WARNING FAT 'Valor do conteúdo = 0'
2018-03-02 16:00:47.000000 INFO CNT 'Conteúdo 11234 entregue com sucesso'
2018-03-02 16:00:49.000000 INFO FAT 'Fatura 1234 alterada. Dt Venc: 12/03/2018 para 15/03/2018'
2018-03-02 16:00:51.000000 INFO FAT 'Fatura 1234 alterada. Dt Venc: 12/03/2018 para 15/03/2018'
2018-03-02 16:00:53.000000 INFO PROC 'Execução iniciada da procedure SP_SyncCHeckoutProds'
2018-03-02 16:00:55.000000 INFO CNT 'Conteúdo 11234 entregue com sucesso'
2018-03-02 16:00:57.000000 ERROR PROC 'Procedure SP_SyncCHeckoutProds retornou erro: conteudo inexistente
2018-03-02 16:00:59.000000 INFO CNT 'Conteúdo 11234 entregue com sucesso'
2018-03-02 16:01:01.000000 INFO CNT 'Conteúdo 11234 entregue com sucesso'
2018-03-02 16:01:03.000000 WARNING FAT 'Valor do conteúdo = 0'
2018-03-02 16:01:05.000000 WARNING FAT 'Valor do conteúdo = 0'
2018-03-02 16:01:07.000000 ERROR FAT 'Erro no processamento da fatura 443245'
2018-03-02 16:01:09.000000 WARNING FAT 'Valor do conteúdo = 0'
2018-03-02 16:01:11.000000 INFO PROC 'Execução iniciada da procedure SP_SyncCHeckoutProds'
2018-03-02 16:01:13.000000 INFO CNT 'Conteúdo 11234 entregue com sucesso'
2018-03-02 16:01:15.000000 ERROR FAT 'Erro no processamento da fatura 443245'
2018-03-02 16:01:17.000000 INFO CNT 'Conteúdo 6525 com sucesso'
2018-03-02 16:01:19.000000 INFO FAT 'Fatura 1234 alterada. Dt Venc: 12/03/2018 para 15/03/2018'
2018-03-02 16:01:21.000000 ERROR PROC 'Procedure SP_SyncCHeckoutProds retornou erro: conteudo inexistente
2018-03-02 16:01:23.000000 ERROR FAT 'Erro no processamento da fatura 443245'
2018-03-02 16:01:25.000000 WARNING FAT 'Valor do conteúdo = 0'
2018-03-02 16:01:27.000000 ALERT FAT 'Tempo de carregamento Checkout Sun superior a 2s. Total: 5.66s
2018-03-02 16:01:29.000000 ERROR PROC 'Procedure SP_SyncCHeckoutProds retornou erro: conteudo inexistente
2018-03-02 16:01:31.000000 INFO CNT 'Conteúdo 6525 com sucesso'
2018-03-02 16:01:33.000000 INFO FAT 'Fatura 1234 alterada. Dt Venc: 12/03/2018 para 15/03/2018'
2018-03-02 16:01:35.000000 ERROR PROC 'Procedure SP_SyncCHeckoutProds retornou erro: conteudo inexistente
2018-03-02 16:01:37.000000 INFO CNT 'Conteúdo 11234 entregue com sucesso'
2018-03-02 16:01:39.000000 INFO FAT 'Fatura 1234 alterada. Dt Venc: 12/03/2018 para 15/03/2018'
2018-03-02 16:01:41.000000 ERROR FAT 'Erro no processamento da fatura 443245'
2018-03-02 16:01:43.000000 INFO CNT 'Conteúdo 11234 entregue com sucesso'
2018-03-02 16:01:45.000000 ALERT FAT 'Tempo de carregamento Checkout Sun superior a 2s. Total: 5.66s
2018-03-02 16:01:47.000000 INFO PROC 'Execução iniciada da procedure SP_SyncCHeckoutProds'
2018-03-02 16:01:49.000000 INFO CNT 'Conteúdo 6525 com sucesso'
2018-03-02 16:01:51.000000 INFO FAT 'Fatura 1234 alterada. Dt Venc: 12/03/2018 para 15/03/2018'
2018-03-02 16:01:53.000000 ALERT FAT 'Tempo de carregamento Checkout Sun superior a 2s. Total: 5.66s
2018-03-02 16:01:55.000000 ALERT FAT 'Tempo de carregamento Checkout Sun superior a 2s. Total: 5.66s
2018-03-02 16:01:57.000000 INFO FAT 'Fatura 1234 alterada. Dt Venc: 12/03/2018 para 15/03/2018'
2018-03-02 16:01:59.000000 INFO PROC 'Execução iniciada da procedure SP_SyncCHeckoutProds'
2018-03-02 16:02:01.000000 ALERT FAT 'Tempo de carregamento Checkout Sun superior a 2s. Total: 5.66s
2018-03-02 16:02:03.000000 INFO PROC 'Execução iniciada da procedure SP_SyncCHeckoutProds'
2018-03-02 16:02:05.000000 INFO FAT 'Fatura 1234 alterada. Dt Venc: 12/03/2018 para 15/03/2018'
2018-03-02 16:02:07.000000 INFO FAT 'Fatura 1234 alterada. Dt Venc: 12/03/2018 para 15/03/2018'
2018-03-02 16:02:09.000000 INFO PROC 'Execução iniciada da procedure SP_SyncCHeckoutProds'
2018-03-02 16:02:11.000000 WARNING FAT 'Valor do conteúdo = 0'
2018-03-02 16:02:13.000000 INFO FAT 'Fatura 1234 alterada. Dt Venc: 12/03/2018 para 15/03/2018'
2018-03-02 16:02:15.000000 WARNING FAT 'Valor do conteúdo = 0'
2018-03-02 16:02:17.000000 INFO CNT 'Conteúdo 11234 entregue com sucesso'
2018-03-02 16:02:19.000000 INFO PROC 'Execução iniciada da procedure SP_SyncCHeckoutProds'
2018-03-02 16:02:21.000000 ERROR PROC 'Procedure SP_SyncCHeckoutProds retornou erro: conteudo inexistente
2018-03-02 16:02:23.000000 INFO PROC 'Execução iniciada da procedure SP_SyncCHeckoutProds'
2018-03-02 16:02:25.000000 INFO CNT 'Conteúdo 6525 com sucesso'
2018-03-02 16:02:27.000000 WARNING FAT 'Valor do conteúdo = 0'
2018-03-02 16:02:29.000000 INFO CNT 'Conteúdo 11234 entregue com sucesso'
2018-03-02 16:02:31.000000 ALERT FAT 'Tempo de carregamento Checkout Sun superior a 2s. Total: 5.66s
2018-03-02 16:02:33.000000 INFO CNT 'Conteúdo 6525 com sucesso'
2018-03-02 16:02:35.000000 INFO CNT 'Conteúdo 6525 com sucesso'
2018-03-02 16:02:37.000000 INFO CNT 'Conteúdo 11234 entregue com sucesso'
2018-03-02 16:02:39.000000 INFO CNT 'Conteúdo 6525 com sucesso'
2018-03-02 16:02:41.000000 ALERT FAT 'Tempo de carregamento Checkout Sun superior a 2s. Total: 5.66s
2018-03-02 16:02:43.000000 INFO CNT 'Conteúdo 6525 com sucesso'
2018-03-02 16:02:45.000000 INFO FAT 'Fatura 1234 alterada. Dt Venc: 12/03/2018 para 15/03/2018'
2018-03-02 16:02:47.000000 INFO CNT 'Conteúdo 11234 entregue com sucesso'
2018-03-02 16:02:49.000000 WARNING FAT 'Valor do conteúdo = 0'
2018-03-02 16:02:51.000000 ERROR FAT 'Erro no processamento da fatura 443245'
2018-03-02 16:02:53.000000 INFO CNT 'Conteúdo 11234 entregue com sucesso'
2018-03-02 16:02:55.000000 ERROR FAT 'Erro no processamento da fatura 443245'
2018-03-02 16:02:57.000000 INFO FAT 'Fatura 1234 alterada. Dt Venc: 12/03/2018 para 15/03/2018'
2018-03-02 16:02:59.000000 WARNING FAT 'Valor do conteúdo = 0'
2018-03-02 16:03:01.000000 ERROR FAT 'Erro no processamento da fatura 443245'
2018-03-02 16:03:03.000000 ALERT FAT 'Tempo de carregamento Checkout Sun superior a 2s. Total: 5.66s
2018-03-02 16:03:05.000000 WARNING FAT 'Valor do conteúdo = 0'
2018-03-02 16:03:07.000000 INFO CNT 'Conteúdo 11234 entregue com sucesso'
2018-03-02 16:03:09.000000 ERROR PROC 'Procedure SP_SyncCHeckoutProds retornou erro: conteudo inexistente
2018-03-02 16:03:11.000000 INFO CNT 'Conteúdo 6525 com sucesso'
2018-03-02 16:03:13.000000 INFO CNT 'Conteúdo 11234 entregue com sucesso'
2018-03-02 16:03:15.000000 INFO CNT 'Conteúdo 11234 entregue com sucesso'
2018-03-02 16:03:17.000000 ALERT FAT 'Tempo de carregamento Checkout Sun superior a 2s. Total: 5.66s
2018-03-02 16:03:19.000000 ALERT FAT 'Tempo de carregamento Checkout Sun superior a 2s. Total: 5.66s
2018-03-02 16:03:21.000000 WARNING FAT 'Valor do conteúdo = 0'
2018-03-02 16:03:23.000000 WARNING FAT 'Valor do conteúdo = 0'
2018-03-02 16:03:25.000000 INFO PROC 'Execução iniciada da procedure SP_SyncCHeckoutProds'
2018-03-02 16:03:27.000000 ERROR PROC 'Procedure SP_SyncCHeckoutProds retornou erro: conteudo inexistente
2018-03-02 16:03:29.000000 ERROR FAT 'Erro no processamento da fatura 443245'
2018-03-02 16:03:31.000000 ALERT FAT 'Tempo de carregamento Checkout Sun superior a 2s. Total: 5.66s
2018-03-02 16:03:33.000000 INFO CNT 'Conteúdo 11234 entregue com sucesso'
2018-03-02 16:03:35.000000 ERROR PROC 'Procedure SP_SyncCHeckoutProds retornou erro: conteudo inexistente
2018-03-02 16:03:37.000000 INFO FAT 'Fatura 1234 alterada. Dt Venc: 12/03/2018 para 15/03/2018'
2018-03-02 16:03:39.000000 WARNING FAT 'Valor do conteúdo = 0'
2018-03-02 16:03:41.000000 INFO PROC 'Execução iniciada da procedure SP_SyncCHeckoutProds'
2018-03-02 16:03:43.000000 ALERT FAT 'Tempo de carregamento Checkout Sun superior a 2s. Total: 5.66s
2018-03-02 16:03:45.000000 INFO PROC 'Execução iniciada da procedure SP_SyncCHeckoutProds'
2018-03-02 16:03:47.000000 WARNING FAT 'Valor do conteúdo = 0'
2018-03-02 16:03:49.000000 INFO CNT 'Conteúdo 6525 com sucesso'
2018-03-02 16:03:51.000000 WARNING FAT 'Valor do conteúdo = 0'
2018-03-02 16:03:53.000000 INFO FAT 'Fatura 1234 alterada. Dt Venc: 12/03/2018 para 15/03/2018'
2018-03-02 16:03:55.000000 ALERT FAT 'Tempo de carregamento Checkout Sun superior a 2s. Total: 5.66s
2018-03-02 16:03:57.000000 INFO PROC 'Execução iniciada da procedure SP_SyncCHeckoutProds'
2018-03-02 16:03:59.000000 INFO CNT 'Conteúdo 6525 com sucesso'
2018-03-02 16:04:01.000000 ALERT FAT 'Tempo de carregamento Checkout Sun superior a 2s. Total: 5.66s
2018-03-02 16:04:03.000000 WARNING FAT 'Valor do conteúdo = 0'
2018-03-02 16:04:05.000000 WARNING FAT 'Valor do conteúdo = 0'
2018-03-02 16:04:07.000000 INFO CNT 'Conteúdo 11234 entregue com sucesso'
2018-03-02 16:04:09.000000 INFO PROC 'Execução iniciada da procedure SP_SyncCHeckoutProds'
2018-03-02 16:04:11.000000 ERROR FAT 'Erro no processamento da fatura 443245'
2018-03-02 16:04:13.000000 WARNING FAT 'Valor do conteúdo = 0'
2018-03-02 16:04:15.000000 INFO PROC 'Execução iniciada da procedure SP_SyncCHeckoutProds'
2018-03-02 16:04:17.000000 INFO CNT 'Conteúdo 11234 entregue com sucesso'
2018-03-02 16:04:19.000000 INFO CNT 'Conteúdo 11234 entregue com sucesso'
2018-03-02 16:04:21.000000 INFO PROC 'Execução iniciada da procedure SP_SyncCHeckoutProds'
2018-03-02 16:04:23.000000 ERROR FAT 'Erro no processamento da fatura 443245'
2018-03-02 16:04:25.000000 INFO PROC 'Execução iniciada da procedure SP_SyncCHeckoutProds'
2018-03-02 16:04:27.000000 ERROR FAT 'Erro no processamento da fatura 443245'
2018-03-02 16:04:29.000000 INFO FAT 'Fatura 1234 alterada. Dt Venc: 12/03/2018 para 15/03/2018'
2018-03-02 16:04:31.000000 WARNING FAT 'Valor do conteúdo = 0'
2018-03-02 16:04:33.000000 INFO CNT 'Conteúdo 11234 entregue com sucesso'
2018-03-02 16:04:35.000000 ERROR PROC 'Procedure SP_SyncCHeckoutProds retornou erro: conteudo inexistente
2018-03-02 16:04:37.000000 INFO CNT 'Conteúdo 11234 entregue com sucesso'
2018-03-02 16:04:39.000000 INFO CNT 'Conteúdo 11234 entregue com sucesso'
2018-03-02 16:04:41.000000 WARNING FAT 'Valor do conteúdo = 0'
2018-03-02 16:04:43.000000 ALERT FAT 'Tempo de carregamento Checkout Sun superior a 2s. Total: 5.66s
2018-03-02 16:04:45.000000 INFO FAT 'Fatura 1234 alterada. Dt Venc: 12/03/2018 para 15/03/2018'
2018-03-02 16:04:47.000000 WARNING FAT 'Valor do conteúdo = 0'
2018-03-02 16:04:49.000000 INFO PROC 'Execução iniciada da procedure SP_SyncCHeckoutProds'
2018-03-02 16:04:51.000000 INFO FAT 'Fatura 1234 alterada. Dt Venc: 12/03/2018 para 15/03/2018'
2018-03-02 16:04:53.000000 WARNING FAT 'Valor do conteúdo = 0'
2018-03-02 16:04:55.000000 ERROR PROC 'Procedure SP_SyncCHeckoutProds retornou erro: conteudo inexistente
2018-03-02 16:04:57.000000 WARNING FAT 'Valor do conteúdo = 0'
2018-03-02 16:04:59.000000 ALERT FAT 'Tempo de carregamento Checkout Sun superior a 2s. Total: 5.66s
2018-03-02 16:05:01.000000 WARNING FAT 'Valor do conteúdo = 0'
2018-03-02 16:05:03.000000 ALERT FAT 'Tempo de carregamento Checkout Sun superior a 2s. Total: 5.66s
2018-03-02 16:05:05.000000 ERROR FAT 'Erro no processamento da fatura 443245'
2018-03-02 16:05:07.000000 INFO PROC 'Execução iniciada da procedure SP_SyncCHeckoutProds'
2018-03-02 16:05:09.000000 INFO PROC 'Execução iniciada da procedure SP_SyncCHeckoutProds'
2018-03-02 16:05:11.000000 INFO FAT 'Fatura 1234 alterada. Dt Venc: 12/03/2018 para 15/03/2018'
2018-03-02 16:05:13.000000 INFO PROC 'Execução iniciada da procedure SP_SyncCHeckoutProds'
2018-03-02 16:05:15.000000 INFO CNT 'Conteúdo 6525 com sucesso'
2018-03-02 16:05:17.000000 ALERT FAT 'Tempo de carregamento Checkout Sun superior a 2s. Total: 5.66s
2018-03-02 16:05:19.000000 INFO CNT 'Conteúdo 11234 entregue com sucesso'
2018-03-02 16:05:21.000000 INFO CNT 'Conteúdo 6525 com sucesso'
2018-03-02 16:05:23.000000 WARNING FAT 'Valor do conteúdo = 0'
2018-03-02 16:05:25.000000 INFO CNT 'Conteúdo 11234 entregue com sucesso'
2018-03-02 16:05:27.000000 INFO FAT 'Fatura 1234 alterada. Dt Venc: 12/03/2018 para 15/03/2018'
2018-03-02 16:05:29.000000 INFO CNT 'Conteúdo 11234 entregue com sucesso'
2018-03-02 16:05:31.000000 INFO CNT 'Conteúdo 11234 entregue com sucesso'
2018-03-02 16:05:33.000000 INFO CNT 'Conteúdo 6525 com sucesso'
2018-03-02 16:05:35.000000 WARNING FAT 'Valor do conteúdo = 0'
2018-03-02 16:05:37.000000 INFO PROC 'Execução iniciada da procedure SP_SyncCHeckoutProds'
2018-03-02 16:05:39.000000 WARNING FAT 'Valor do conteúdo = 0'
2018-03-02 16:05:41.000000 ALERT FAT 'Tempo de carregamento Checkout Sun superior a 2s. Total: 5.66s
2018-03-02 16:05:43.000000 ERROR FAT 'Erro no processamento da fatura 443245'
2018-03-02 16:05:45.000000 INFO CNT 'Conteúdo 11234 entregue com sucesso'
2018-03-02 16:05:47.000000 INFO PROC 'Execução iniciada da procedure SP_SyncCHeckoutProds'
2018-03-02 16:05:49.000000 ALERT FAT 'Tempo de carregamento Checkout Sun superior a 2s. Total: 5.66s
2018-03-02 16:05:51.000000 INFO CNT 'Conteúdo 11234 entregue com sucesso'
2018-03-02 16:05:53.000000 INFO CNT 'Conteúdo 11234 entregue com sucesso'
2018-03-02 16:05:55.000000 INFO CNT 'Conteúdo 11234 entregue com sucesso'
2018-03-02 16:05:57.000000 INFO PROC 'Execução iniciada da procedure SP_SyncCHeckoutProds'
2018-03-02 16:05:59.000000 ERROR FAT 'Erro no processamento da fatura 443245'
2018-03-02 16:06:01.000000 ERROR FAT 'Erro no processamento da fatura 443245'
2018-03-02 16:06:03.000000 INFO CNT 'Conteúdo 6525 com sucesso'
2018-03-02 16:06:05.000000 ERROR PROC 'Procedure SP_SyncCHeckoutProds retornou erro: conteudo inexistente
2018-03-02 16:06:07.000000 ALERT FAT 'Tempo de carregamento Checkout Sun superior a 2s. Total: 5.66s
2018-03-02 16:06:09.000000 ERROR PROC 'Procedure SP_SyncCHeckoutProds retornou erro: conteudo inexistente
2018-03-02 16:06:11.000000 INFO CNT 'Conteúdo 11234 entregue com sucesso'
2018-03-02 16:06:13.000000 ERROR FAT 'Erro no processamento da fatura 443245'
2018-03-02 16:06:15.000000 INFO PROC 'Execução iniciada da procedure SP_SyncCHeckoutProds'
2018-03-02 16:06:17.000000 ERROR PROC 'Procedure SP_SyncCHeckoutProds retornou erro: conteudo inexistente
2018-03-02 16:06:19.000000 ERROR PROC 'Procedure SP_SyncCHeckoutProds retornou erro: conteudo inexistente
2018-03-02 16:06:21.000000 INFO CNT 'Conteúdo 11234 entregue com sucesso'
2018-03-02 16:06:23.000000 WARNING FAT 'Valor do conteúdo = 0'
2018-03-02 16:06:25.000000 INFO FAT 'Fatura 1234 alterada. Dt Venc: 12/03/2018 para 15/03/2018'
2018-03-02 16:06:27.000000 ERROR FAT 'Erro no processamento da fatura 443245'
2018-03-02 16:06:29.000000 WARNING FAT 'Valor do conteúdo = 0'
2018-03-02 16:06:31.000000 INFO CNT 'Conteúdo 11234 entregue com sucesso'
2018-03-02 16:06:33.000000 ERROR FAT 'Erro no processamento da fatura 443245'
2018-03-02 16:06:35.000000 WARNING FAT 'Valor do conteúdo = 0'
2018-03-02 16:06:37.000000 WARNING FAT 'Valor do conteúdo = 0'
2018-03-02 16:06:39.000000 INFO CNT 'Conteúdo 6525 com sucesso'
2018-03-02 16:06:41.000000 INFO FAT 'Fatura 1234 alterada. Dt Venc: 12/03/2018 para 15/03/2018'
2018-03-02 16:06:43.000000 INFO CNT 'Conteúdo 6525 com sucesso'
2018-03-02 16:06:45.000000 ERROR FAT 'Erro no processamento da fatura 443245'
2018-03-02 16:06:47.000000 ERROR FAT 'Erro no processamento da fatura 443245'
2018-03-02 16:06:49.000000 INFO PROC 'Execução iniciada da procedure SP_SyncCHeckoutProds'
2018-03-02 16:06:51.000000 INFO PROC 'Execução iniciada da procedure SP_SyncCHeckoutProds'
2018-03-02 16:06:53.000000 WARNING FAT 'Valor do conteúdo = 0'
2018-03-02 16:06:55.000000 INFO PROC 'Execução iniciada da procedure SP_SyncCHeckoutProds'
2018-03-02 16:06:57.000000 ALERT FAT 'Tempo de carregamento Checkout Sun superior a 2s. Total: 5.66s
2018-03-02 16:06:59.000000 ERROR PROC 'Procedure SP_SyncCHeckoutProds retornou erro: conteudo inexistente
2018-03-02 16:07:01.000000 WARNING FAT 'Valor do conteúdo = 0'
